<?xml version="1.0" encoding="UTF-8"?>
<!-- Generated by org.testng.reporters.JUnitXMLReporter -->
<testsuite hostname="Owner" ignored="0" name="Default test" tests="10" failures="0" timestamp="2020-04-25T22:25:35 EDT" time="221.552" errors="0">
  <testcase name="test_006_DeleteAccount" time="6.459" classname="com.accenttechPartnersGuru99.testCases.TC_006"/>
  <testcase name="Test_001_NewCustomerRegistration" time="14.135" classname="com.accenttechPartnersGuru99.testCases.TC_001"/>
  <testcase name="test_002" time="5.272" classname="com.accenttechPartnersGuru99.testCases.TC_001"/>
  <testcase name="test_002" time="5.506" classname="com.accenttechPartnersGuru99.testCases.TC_001"/>
  <testcase name="test_002" time="5.099" classname="com.accenttechPartnersGuru99.testCases.TC_001"/>
  <testcase name="test_002" time="5.675" classname="com.accenttechPartnersGuru99.testCases.TC_001"/>
  <testcase name="Test_003_NewAccount" time="3.682" classname="com.accenttechPartnersGuru99.testCases.TC_002"/>
  <testcase name="test_004_FundTransfer" time="6.435" classname="com.accenttechPartnersGuru99.testCases.TC_003"/>
  <testcase name="test_004_Withdrawal" time="3.755" classname="com.accenttechPartnersGuru99.testCases.TC_004"/>
  <testcase name="test_005_EditAccount" time="16.236" classname="com.accenttechPartnersGuru99.testCases.TC_005"/>
</testsuite> <!-- Default test -->
