<?xml version="1.0" encoding="UTF-8"?>
<!-- Generated by org.testng.reporters.JUnitXMLReporter -->
<testsuite hostname="Owner" ignored="0" name="Test" tests="2" failures="0" timestamp="2020-04-19T22:00:12 EDT" time="17.545" errors="0">
  <testcase name="Test_001_NewCustomerRegistration" time="9.011" classname="com.accenttechPartnersGuru99.testCases.TC_001"/>
  <testcase name="test_002" time="0.0" classname="com.accenttechPartnersGuru99.testCases.TC_001">
    <skipped/>
  </testcase> <!-- test_002 -->
</testsuite> <!-- Test -->
