<?xml version="1.0" encoding="UTF-8"?>
<!-- Generated by org.testng.reporters.JUnitXMLReporter -->
<testsuite hostname="Owner" ignored="0" name="Test" tests="5" failures="0" timestamp="2020-04-25T22:30:48 EDT" time="34.013" errors="0">
  <testcase name="@BeforeMethod setUp" time="9.857" classname="com.accenttechPartnersGuru99.testCases.TC_001">
    <failure type="org.openqa.selenium.WebDriverException" message="java.net.ConnectException: Failed to connect to localhost/0:0:0:0:0:0:0:1:46272
Build info: version: &amp;apos;3.141.59&amp;apos;, revision: &amp;apos;e82be7d358&amp;apos;, time: &amp;apos;2018-11-14T08:17:03&amp;apos;
System info: host: &amp;apos;OWNER&amp;apos;, ip: &amp;apos;192.168.1.71&amp;apos;, os.name: &amp;apos;Windows 8.1&amp;apos;, os.arch: &amp;apos;amd64&amp;apos;, os.version: &amp;apos;6.3&amp;apos;, java.version: &amp;apos;1.8.0_241&amp;apos;
Driver info: driver.version: RemoteWebDriver">
      <![CDATA[org.openqa.selenium.WebDriverException: java.net.ConnectException: Failed to connect to localhost/0:0:0:0:0:0:0:1:46272
Build info: version: '3.141.59', revision: 'e82be7d358', time: '2018-11-14T08:17:03'
System info: host: 'OWNER', ip: '192.168.1.71', os.name: 'Windows 8.1', os.arch: 'amd64', os.version: '6.3', java.version: '1.8.0_241'
Driver info: driver.version: RemoteWebDriver
at org.openqa.selenium.remote.service.DriverCommandExecutor.execute(DriverCommandExecutor.java:92)
at org.openqa.selenium.remote.RemoteWebDriver.execute(RemoteWebDriver.java:552)
at org.openqa.selenium.remote.RemoteWebElement.execute(RemoteWebElement.java:285)
at org.openqa.selenium.remote.RemoteWebElement.click(RemoteWebElement.java:84)
at com.accenttechPartnersGuru99.browserfactory.browseFactory.initiateBrowser(browseFactory.java:39)
at com.accenttechPartnersGuru99.testCases.TC_001.setUp(TC_001.java:30)
at java.util.ArrayList.forEach(ArrayList.java:1257)
Caused by: java.net.ConnectException: Failed to connect to localhost/0:0:0:0:0:0:0:1:46272
at okhttp3.internal.connection.RealConnection.connectSocket(RealConnection.java:247)
at okhttp3.internal.connection.RealConnection.connect(RealConnection.java:165)
at okhttp3.internal.connection.StreamAllocation.findConnection(StreamAllocation.java:257)
at okhttp3.internal.connection.StreamAllocation.findHealthyConnection(StreamAllocation.java:135)
at okhttp3.internal.connection.StreamAllocation.newStream(StreamAllocation.java:114)
at okhttp3.internal.connection.ConnectInterceptor.intercept(ConnectInterceptor.java:42)
at okhttp3.internal.http.RealInterceptorChain.proceed(RealInterceptorChain.java:147)
at okhttp3.internal.http.RealInterceptorChain.proceed(RealInterceptorChain.java:121)
at okhttp3.internal.cache.CacheInterceptor.intercept(CacheInterceptor.java:93)
at okhttp3.internal.http.RealInterceptorChain.proceed(RealInterceptorChain.java:147)
at okhttp3.internal.http.RealInterceptorChain.proceed(RealInterceptorChain.java:121)
at okhttp3.internal.http.BridgeInterceptor.intercept(BridgeInterceptor.java:93)
at okhttp3.internal.http.RealInterceptorChain.proceed(RealInterceptorChain.java:147)
at okhttp3.internal.http.RetryAndFollowUpInterceptor.intercept(RetryAndFollowUpInterceptor.java:126)
at okhttp3.internal.http.RealInterceptorChain.proceed(RealInterceptorChain.java:147)
at okhttp3.internal.http.RealInterceptorChain.proceed(RealInterceptorChain.java:121)
at okhttp3.RealCall.getResponseWithInterceptorChain(RealCall.java:200)
at okhttp3.RealCall.execute(RealCall.java:77)
at org.openqa.selenium.remote.internal.OkHttpClient.execute(OkHttpClient.java:103)
at org.openqa.selenium.remote.HttpCommandExecutor.execute(HttpCommandExecutor.java:155)
at org.openqa.selenium.remote.service.DriverCommandExecutor.execute(DriverCommandExecutor.java:83)
... 41 more
Caused by: java.net.ConnectException: Connection refused: connect
at java.net.DualStackPlainSocketImpl.waitForConnect(Native Method)
at java.net.DualStackPlainSocketImpl.socketConnect(DualStackPlainSocketImpl.java:85)
at java.net.AbstractPlainSocketImpl.doConnect(AbstractPlainSocketImpl.java:350)
at java.net.AbstractPlainSocketImpl.connectToAddress(AbstractPlainSocketImpl.java:206)
at java.net.AbstractPlainSocketImpl.connect(AbstractPlainSocketImpl.java:188)
at java.net.PlainSocketImpl.connect(PlainSocketImpl.java:172)
at java.net.SocksSocketImpl.connect(SocksSocketImpl.java:392)
at java.net.Socket.connect(Socket.java:606)
at okhttp3.internal.platform.Platform.connectSocket(Platform.java:129)
at okhttp3.internal.connection.RealConnection.connectSocket(RealConnection.java:245)
... 61 more
... Removed 35 stack frames]]>
    </failure>
  </testcase> <!-- @BeforeMethod setUp -->
  <testcase name="@AfterMethod tearDown" time="-1.587868248055E9" classname="com.accenttechPartnersGuru99.testCases.TC_001">
    <skipped/>
  </testcase> <!-- @AfterMethod tearDown -->
  <testcase name="@AfterMethod tearDown1" time="-1.587868248056E9" classname="com.accenttechPartnersGuru99.testCases.TC_001">
    <skipped/>
  </testcase> <!-- @AfterMethod tearDown1 -->
  <testcase name="@BeforeMethod setUp" time="-1.587868248057E9" classname="com.accenttechPartnersGuru99.testCases.TC_001">
    <skipped/>
  </testcase> <!-- @BeforeMethod setUp -->
  <testcase name="@AfterMethod tearDown" time="-1.587868248058E9" classname="com.accenttechPartnersGuru99.testCases.TC_001">
    <skipped/>
  </testcase> <!-- @AfterMethod tearDown -->
  <testcase name="@AfterMethod tearDown1" time="-1.587868248059E9" classname="com.accenttechPartnersGuru99.testCases.TC_001">
    <skipped/>
  </testcase> <!-- @AfterMethod tearDown1 -->
  <testcase name="@BeforeMethod setUp" time="-1.58786824806E9" classname="com.accenttechPartnersGuru99.testCases.TC_001">
    <skipped/>
  </testcase> <!-- @BeforeMethod setUp -->
  <testcase name="@AfterMethod tearDown" time="-1.58786824806E9" classname="com.accenttechPartnersGuru99.testCases.TC_001">
    <skipped/>
  </testcase> <!-- @AfterMethod tearDown -->
  <testcase name="@AfterMethod tearDown1" time="-1.587868248061E9" classname="com.accenttechPartnersGuru99.testCases.TC_001">
    <skipped/>
  </testcase> <!-- @AfterMethod tearDown1 -->
  <testcase name="@BeforeMethod setUp" time="-1.587868248062E9" classname="com.accenttechPartnersGuru99.testCases.TC_001">
    <skipped/>
  </testcase> <!-- @BeforeMethod setUp -->
  <testcase name="@AfterMethod tearDown" time="-1.587868248064E9" classname="com.accenttechPartnersGuru99.testCases.TC_001">
    <skipped/>
  </testcase> <!-- @AfterMethod tearDown -->
  <testcase name="@AfterMethod tearDown1" time="-1.587868248064E9" classname="com.accenttechPartnersGuru99.testCases.TC_001">
    <skipped/>
  </testcase> <!-- @AfterMethod tearDown1 -->
  <testcase name="Test_001_NewCustomerRegistration" time="12.451" classname="com.accenttechPartnersGuru99.testCases.TC_001"/>
  <testcase name="test_002" time="0.0" classname="com.accenttechPartnersGuru99.testCases.TC_001">
    <skipped/>
  </testcase> <!-- test_002 -->
  <testcase name="test_002" time="0.001" classname="com.accenttechPartnersGuru99.testCases.TC_001">
    <skipped/>
  </testcase> <!-- test_002 -->
  <testcase name="test_002" time="0.0" classname="com.accenttechPartnersGuru99.testCases.TC_001">
    <skipped/>
  </testcase> <!-- test_002 -->
  <testcase name="test_002" time="0.0" classname="com.accenttechPartnersGuru99.testCases.TC_001">
    <skipped/>
  </testcase> <!-- test_002 -->
</testsuite> <!-- Test -->
