<?xml version="1.0" encoding="UTF-8"?>
<testsuite xmlns:xsi="http://www.w3.org/2001/XMLSchema-instance" xsi:noNamespaceSchemaLocation="https://maven.apache.org/surefire/maven-surefire-plugin/xsd/surefire-test-report-3.0.xsd" version="3.0" name="TestSuite" time="35.716" tests="17" errors="0" skipped="15" failures="1">
  <properties>
[...]
</properties>
  <testcase name="Test_001_NewCustomerRegistration" classname="com.accenttechPartnersGuru99.testCases.TC_001" time="12.454"/>
  <testcase name="setUp" classname="com.accenttechPartnersGuru99.testCases.TC_001" time="23.676">
    <failure message="java.net.ConnectException: Failed to connect to localhost/0:0:0:0:0:0:0:1:46272&#10;Build info: version: &apos;3.141.59&apos;, revision: &apos;e82be7d358&apos;, time: &apos;2018-11-14T08:17:03&apos;&#10;System info: host: &apos;OWNER&apos;, ip: &apos;192.168.1.71&apos;, os.name: &apos;Windows 8.1&apos;, os.arch: &apos;amd64&apos;, os.version: &apos;6.3&apos;, java.version: &apos;1.8.0_241&apos;&#10;Driver info: driver.version: RemoteWebDriver" type="org.openqa.selenium.WebDriverException"><![CDATA[org.openqa.selenium.WebDriverException: 
java.net.ConnectException: Failed to connect to localhost/0:0:0:0:0:0:0:1:46272
Build info: version: '3.141.59', revision: 'e82be7d358', time: '2018-11-14T08:17:03'
System info: host: 'OWNER', ip: '192.168.1.71', os.name: 'Windows 8.1', os.arch: 'amd64', os.version: '6.3', java.version: '1.8.0_241'
Driver info: driver.version: RemoteWebDriver
	at com.accenttechPartnersGuru99.testCases.TC_001.setUp(TC_001.java:30)
Caused by: java.net.ConnectException: Failed to connect to localhost/0:0:0:0:0:0:0:1:46272
	at com.accenttechPartnersGuru99.testCases.TC_001.setUp(TC_001.java:30)
Caused by: java.net.ConnectException: Connection refused: connect
	at com.accenttechPartnersGuru99.testCases.TC_001.setUp(TC_001.java:30)
]]></failure>
    <system-err><![CDATA[Apr 25, 2020 10:30:36 PM com.accenttechPartnersGuru99.testCases.TC_001 tearDown
INFO: Browser is teardown after Method
Starting ChromeDriver 80.0.3987.106 (f68069574609230cf9b635cd784cfb1bf81bb53a-refs/branch-heads/3987@{#882}) on port 46272
Only local connections are allowed.
Please protect ports used by ChromeDriver and related test frameworks to prevent access by malicious code.
[1587868239.280][WARNING]: This version of ChromeDriver has not been tested with Chrome version 81.
Apr 25, 2020 10:30:40 PM org.openqa.selenium.remote.ProtocolHandshake createSession
INFO: Detected dialect: W3C
[1587868240.811][SEVERE]: Timed out receiving message from renderer: 0.100
[1587868240.980][SEVERE]: Timed out receiving message from renderer: 0.100
[1587868241.082][SEVERE]: Timed out receiving message from renderer: 0.100
[1587868241.183][SEVERE]: Timed out receiving message from renderer: 0.100
[1587868241.286][SEVERE]: Timed out receiving message from renderer: 0.100
[1587868241.388][SEVERE]: Timed out receiving message from renderer: 0.100
[1587868241.590][SEVERE]: Timed out receiving message from renderer: 0.100
[1587868241.692][SEVERE]: Timed out receiving message from renderer: 0.100
[1587868241.793][SEVERE]: Timed out receiving message from renderer: 0.100
[1587868242.073][SEVERE]: Timed out receiving message from renderer: 0.100
[1587868242.281][SEVERE]: Timed out receiving message from renderer: 0.100
[1587868242.382][SEVERE]: Timed out receiving message from renderer: 0.100
]]></system-err>
  </testcase>
  <testcase name="setUp" classname="com.accenttechPartnersGuru99.testCases.TC_001" time="0">
    <skipped/>
  </testcase>
  <testcase name="setUp" classname="com.accenttechPartnersGuru99.testCases.TC_001" time="0">
    <skipped/>
  </testcase>
  <testcase name="setUp" classname="com.accenttechPartnersGuru99.testCases.TC_001" time="0">
    <skipped/>
  </testcase>
  <testcase name="test_002" classname="com.accenttechPartnersGuru99.testCases.TC_001" time="0">
    <skipped message="java.net.ConnectException: Failed to connect to localhost/0:0:0:0:0:0:0:1:46272&#10;Build info: version: &apos;3.141.59&apos;, revision: &apos;e82be7d358&apos;, time: &apos;2018-11-14T08:17:03&apos;&#10;System info: host: &apos;OWNER&apos;, ip: &apos;192.168.1.71&apos;, os.name: &apos;Windows 8.1&apos;, os.arch: &apos;amd64&apos;, os.version: &apos;6.3&apos;, java.version: &apos;1.8.0_241&apos;&#10;Driver info: driver.version: RemoteWebDriver"/>
  </testcase>
  <testcase name="test_002" classname="com.accenttechPartnersGuru99.testCases.TC_001" time="0">
    <skipped message="java.net.ConnectException: Failed to connect to localhost/0:0:0:0:0:0:0:1:46272&#10;Build info: version: &apos;3.141.59&apos;, revision: &apos;e82be7d358&apos;, time: &apos;2018-11-14T08:17:03&apos;&#10;System info: host: &apos;OWNER&apos;, ip: &apos;192.168.1.71&apos;, os.name: &apos;Windows 8.1&apos;, os.arch: &apos;amd64&apos;, os.version: &apos;6.3&apos;, java.version: &apos;1.8.0_241&apos;&#10;Driver info: driver.version: RemoteWebDriver"/>
  </testcase>
  <testcase name="test_002" classname="com.accenttechPartnersGuru99.testCases.TC_001" time="0">
    <skipped message="java.net.ConnectException: Failed to connect to localhost/0:0:0:0:0:0:0:1:46272&#10;Build info: version: &apos;3.141.59&apos;, revision: &apos;e82be7d358&apos;, time: &apos;2018-11-14T08:17:03&apos;&#10;System info: host: &apos;OWNER&apos;, ip: &apos;192.168.1.71&apos;, os.name: &apos;Windows 8.1&apos;, os.arch: &apos;amd64&apos;, os.version: &apos;6.3&apos;, java.version: &apos;1.8.0_241&apos;&#10;Driver info: driver.version: RemoteWebDriver"/>
  </testcase>
  <testcase name="test_002" classname="com.accenttechPartnersGuru99.testCases.TC_001" time="0">
    <skipped message="java.net.ConnectException: Failed to connect to localhost/0:0:0:0:0:0:0:1:46272&#10;Build info: version: &apos;3.141.59&apos;, revision: &apos;e82be7d358&apos;, time: &apos;2018-11-14T08:17:03&apos;&#10;System info: host: &apos;OWNER&apos;, ip: &apos;192.168.1.71&apos;, os.name: &apos;Windows 8.1&apos;, os.arch: &apos;amd64&apos;, os.version: &apos;6.3&apos;, java.version: &apos;1.8.0_241&apos;&#10;Driver info: driver.version: RemoteWebDriver"/>
  </testcase>
  <testcase name="tearDown" classname="com.accenttechPartnersGuru99.testCases.TC_001" time="0">
    <skipped/>
  </testcase>
  <testcase name="tearDown" classname="com.accenttechPartnersGuru99.testCases.TC_001" time="0">
    <skipped/>
  </testcase>
  <testcase name="tearDown" classname="com.accenttechPartnersGuru99.testCases.TC_001" time="0">
    <skipped/>
  </testcase>
  <testcase name="tearDown" classname="com.accenttechPartnersGuru99.testCases.TC_001" time="0">
    <skipped/>
  </testcase>
  <testcase name="tearDown1" classname="com.accenttechPartnersGuru99.testCases.TC_001" time="0">
    <skipped/>
  </testcase>
  <testcase name="tearDown1" classname="com.accenttechPartnersGuru99.testCases.TC_001" time="0">
    <skipped/>
  </testcase>
  <testcase name="tearDown1" classname="com.accenttechPartnersGuru99.testCases.TC_001" time="0">
    <skipped/>
  </testcase>
  <testcase name="tearDown1" classname="com.accenttechPartnersGuru99.testCases.TC_001" time="0">
    <skipped/>
  </testcase>
</testsuite>