<?xml version="1.0" encoding="UTF-8"?>
<testng-results skipped="0" failed="0" ignored="0" total="10" passed="10">
  <reporter-output>
  </reporter-output>
  <suite name="Default suite" duration-ms="221552" started-at="2020-04-25T22:21:51 EDT" finished-at="2020-04-25T22:25:32 EDT">
    <groups>
    </groups>
    <test name="Default test" duration-ms="221552" started-at="2020-04-25T22:21:51 EDT" finished-at="2020-04-25T22:25:32 EDT">
      <class name="com.accenttechPartnersGuru99.testCases.TC_006">
        <test-method status="PASS" signature="DeleteAccount()[pri:0, instance:com.accenttechPartnersGuru99.testCases.TC_006@480bdb19]" name="DeleteAccount" is-config="true" duration-ms="16363" started-at="2020-04-25T22:21:51 EDT" finished-at="2020-04-25T22:22:07 EDT">
          <reporter-output>
          </reporter-output>
        </test-method> <!-- DeleteAccount -->
        <test-method status="PASS" signature="test_006_DeleteAccount()[pri:0, instance:com.accenttechPartnersGuru99.testCases.TC_006@480bdb19]" name="test_006_DeleteAccount" duration-ms="6459" started-at="2020-04-25T22:22:07 EDT" finished-at="2020-04-25T22:22:14 EDT">
          <reporter-output>
          </reporter-output>
        </test-method> <!-- test_006_DeleteAccount -->
        <test-method status="PASS" signature="TC_006_AfterMethod()[pri:0, instance:com.accenttechPartnersGuru99.testCases.TC_006@480bdb19]" name="TC_006_AfterMethod" is-config="true" duration-ms="3" started-at="2020-04-25T22:22:14 EDT" finished-at="2020-04-25T22:22:14 EDT">
          <reporter-output>
          </reporter-output>
        </test-method> <!-- TC_006_AfterMethod -->
      </class> <!-- com.accenttechPartnersGuru99.testCases.TC_006 -->
      <class name="com.accenttechPartnersGuru99.testCases.TC_001">
        <test-method status="PASS" signature="setUp()[pri:0, instance:com.accenttechPartnersGuru99.testCases.TC_001@2a556333]" name="setUp" is-config="true" duration-ms="11959" started-at="2020-04-25T22:22:14 EDT" finished-at="2020-04-25T22:22:26 EDT">
          <reporter-output>
          </reporter-output>
        </test-method> <!-- setUp -->
        <test-method status="PASS" signature="Test_001_NewCustomerRegistration()[pri:0, instance:com.accenttechPartnersGuru99.testCases.TC_001@2a556333]" name="Test_001_NewCustomerRegistration" duration-ms="14135" started-at="2020-04-25T22:22:26 EDT" finished-at="2020-04-25T22:22:40 EDT">
          <reporter-output>
          </reporter-output>
        </test-method> <!-- Test_001_NewCustomerRegistration -->
        <test-method status="PASS" signature="tearDown()[pri:0, instance:com.accenttechPartnersGuru99.testCases.TC_001@2a556333]" name="tearDown" is-config="true" duration-ms="1" started-at="2020-04-25T22:22:40 EDT" finished-at="2020-04-25T22:22:40 EDT">
          <reporter-output>
          </reporter-output>
        </test-method> <!-- tearDown -->
        <test-method status="PASS" signature="tearDown1()[pri:0, instance:com.accenttechPartnersGuru99.testCases.TC_001@2a556333]" name="tearDown1" is-config="true" duration-ms="0" started-at="2020-04-25T22:22:40 EDT" finished-at="2020-04-25T22:22:40 EDT">
          <reporter-output>
          </reporter-output>
        </test-method> <!-- tearDown1 -->
        <test-method status="PASS" signature="setUp()[pri:0, instance:com.accenttechPartnersGuru99.testCases.TC_001@2a556333]" name="setUp" is-config="true" duration-ms="8828" started-at="2020-04-25T22:22:42 EDT" finished-at="2020-04-25T22:22:51 EDT">
          <reporter-output>
          </reporter-output>
        </test-method> <!-- setUp -->
        <test-method status="PASS" signature="test_002(java.lang.String, java.lang.String, java.lang.String, java.lang.String, java.lang.String, java.lang.String, java.lang.String, java.lang.String, java.lang.String)[pri:0, instance:com.accenttechPartnersGuru99.testCases.TC_001@2a556333]" name="test_002" duration-ms="5272" started-at="2020-04-25T22:22:51 EDT" data-provider="New Customer" finished-at="2020-04-25T22:22:56 EDT">
          <params>
            <param index="0">
              <value>
                <![CDATA[Mirza Awal]]>
              </value>
            </param>
            <param index="1">
              <value>
                <![CDATA[01-Jan-1910]]>
              </value>
            </param>
            <param index="2">
              <value>
                <![CDATA[123 NW 5th St]]>
              </value>
            </param>
            <param index="3">
              <value>
                <![CDATA[Holly]]>
              </value>
            </param>
            <param index="4">
              <value>
                <![CDATA[FL]]>
              </value>
            </param>
            <param index="5">
              <value>
                <![CDATA[33321.0]]>
              </value>
            </param>
            <param index="6">
              <value>
                <![CDATA[9.546654323E9]]>
              </value>
            </param>
            <param index="7">
              <value>
                <![CDATA[mir@yahoo.com]]>
              </value>
            </param>
            <param index="8">
              <value>
                <![CDATA[3424.0]]>
              </value>
            </param>
          </params>
          <reporter-output>
          </reporter-output>
        </test-method> <!-- test_002 -->
        <test-method status="PASS" signature="tearDown()[pri:0, instance:com.accenttechPartnersGuru99.testCases.TC_001@2a556333]" name="tearDown" is-config="true" duration-ms="1" started-at="2020-04-25T22:22:56 EDT" finished-at="2020-04-25T22:22:56 EDT">
          <reporter-output>
          </reporter-output>
        </test-method> <!-- tearDown -->
        <test-method status="PASS" signature="tearDown1()[pri:0, instance:com.accenttechPartnersGuru99.testCases.TC_001@2a556333]" name="tearDown1" is-config="true" duration-ms="0" started-at="2020-04-25T22:22:56 EDT" finished-at="2020-04-25T22:22:56 EDT">
          <reporter-output>
          </reporter-output>
        </test-method> <!-- tearDown1 -->
        <test-method status="PASS" signature="setUp()[pri:0, instance:com.accenttechPartnersGuru99.testCases.TC_001@2a556333]" name="setUp" is-config="true" duration-ms="12977" started-at="2020-04-25T22:22:56 EDT" finished-at="2020-04-25T22:23:09 EDT">
          <reporter-output>
          </reporter-output>
        </test-method> <!-- setUp -->
        <test-method status="PASS" signature="test_002(java.lang.String, java.lang.String, java.lang.String, java.lang.String, java.lang.String, java.lang.String, java.lang.String, java.lang.String, java.lang.String)[pri:0, instance:com.accenttechPartnersGuru99.testCases.TC_001@2a556333]" name="test_002" duration-ms="5506" started-at="2020-04-25T22:23:09 EDT" data-provider="New Customer" finished-at="2020-04-25T22:23:14 EDT">
          <params>
            <param index="0">
              <value>
                <![CDATA[Shama Ahmed]]>
              </value>
            </param>
            <param index="1">
              <value>
                <![CDATA[02-Jan-1911]]>
              </value>
            </param>
            <param index="2">
              <value>
                <![CDATA[435 NW 6th St]]>
              </value>
            </param>
            <param index="3">
              <value>
                <![CDATA[Poly]]>
              </value>
            </param>
            <param index="4">
              <value>
                <![CDATA[FL]]>
              </value>
            </param>
            <param index="5">
              <value>
                <![CDATA[32212.0]]>
              </value>
            </param>
            <param index="6">
              <value>
                <![CDATA[3.053245543E9]]>
              </value>
            </param>
            <param index="7">
              <value>
                <![CDATA[sam@yahoo.com]]>
              </value>
            </param>
            <param index="8">
              <value>
                <![CDATA[2345.0]]>
              </value>
            </param>
          </params>
          <reporter-output>
          </reporter-output>
        </test-method> <!-- test_002 -->
        <test-method status="PASS" signature="tearDown()[pri:0, instance:com.accenttechPartnersGuru99.testCases.TC_001@2a556333]" name="tearDown" is-config="true" duration-ms="2" started-at="2020-04-25T22:23:14 EDT" finished-at="2020-04-25T22:23:14 EDT">
          <reporter-output>
          </reporter-output>
        </test-method> <!-- tearDown -->
        <test-method status="PASS" signature="tearDown1()[pri:0, instance:com.accenttechPartnersGuru99.testCases.TC_001@2a556333]" name="tearDown1" is-config="true" duration-ms="1" started-at="2020-04-25T22:23:14 EDT" finished-at="2020-04-25T22:23:14 EDT">
          <reporter-output>
          </reporter-output>
        </test-method> <!-- tearDown1 -->
        <test-method status="PASS" signature="setUp()[pri:0, instance:com.accenttechPartnersGuru99.testCases.TC_001@2a556333]" name="setUp" is-config="true" duration-ms="12042" started-at="2020-04-25T22:23:14 EDT" finished-at="2020-04-25T22:23:26 EDT">
          <reporter-output>
          </reporter-output>
        </test-method> <!-- setUp -->
        <test-method status="PASS" signature="test_002(java.lang.String, java.lang.String, java.lang.String, java.lang.String, java.lang.String, java.lang.String, java.lang.String, java.lang.String, java.lang.String)[pri:0, instance:com.accenttechPartnersGuru99.testCases.TC_001@2a556333]" name="test_002" duration-ms="5099" started-at="2020-04-25T22:23:26 EDT" data-provider="New Customer" finished-at="2020-04-25T22:23:31 EDT">
          <params>
            <param index="0">
              <value>
                <![CDATA[Saima]]>
              </value>
            </param>
            <param index="1">
              <value>
                <![CDATA[03-Jan-1912]]>
              </value>
            </param>
            <param index="2">
              <value>
                <![CDATA[532 NW 7th St]]>
              </value>
            </param>
            <param index="3">
              <value>
                <![CDATA[Moly]]>
              </value>
            </param>
            <param index="4">
              <value>
                <![CDATA[FL]]>
              </value>
            </param>
            <param index="5">
              <value>
                <![CDATA[33221.0]]>
              </value>
            </param>
            <param index="6">
              <value>
                <![CDATA[7.865437786E9]]>
              </value>
            </param>
            <param index="7">
              <value>
                <![CDATA[Sai@gmail.com]]>
              </value>
            </param>
            <param index="8">
              <value>
                <![CDATA[1234.0]]>
              </value>
            </param>
          </params>
          <reporter-output>
          </reporter-output>
        </test-method> <!-- test_002 -->
        <test-method status="PASS" signature="tearDown()[pri:0, instance:com.accenttechPartnersGuru99.testCases.TC_001@2a556333]" name="tearDown" is-config="true" duration-ms="1" started-at="2020-04-25T22:23:31 EDT" finished-at="2020-04-25T22:23:31 EDT">
          <reporter-output>
          </reporter-output>
        </test-method> <!-- tearDown -->
        <test-method status="PASS" signature="tearDown1()[pri:0, instance:com.accenttechPartnersGuru99.testCases.TC_001@2a556333]" name="tearDown1" is-config="true" duration-ms="0" started-at="2020-04-25T22:23:31 EDT" finished-at="2020-04-25T22:23:31 EDT">
          <reporter-output>
          </reporter-output>
        </test-method> <!-- tearDown1 -->
        <test-method status="PASS" signature="setUp()[pri:0, instance:com.accenttechPartnersGuru99.testCases.TC_001@2a556333]" name="setUp" is-config="true" duration-ms="10184" started-at="2020-04-25T22:23:31 EDT" finished-at="2020-04-25T22:23:42 EDT">
          <reporter-output>
          </reporter-output>
        </test-method> <!-- setUp -->
        <test-method status="PASS" signature="test_002(java.lang.String, java.lang.String, java.lang.String, java.lang.String, java.lang.String, java.lang.String, java.lang.String, java.lang.String, java.lang.String)[pri:0, instance:com.accenttechPartnersGuru99.testCases.TC_001@2a556333]" name="test_002" duration-ms="5675" started-at="2020-04-25T22:23:42 EDT" data-provider="New Customer" finished-at="2020-04-25T22:23:47 EDT">
          <params>
            <param index="0">
              <value>
                <![CDATA[Mazed]]>
              </value>
            </param>
            <param index="1">
              <value>
                <![CDATA[04-Jan-1914]]>
              </value>
            </param>
            <param index="2">
              <value>
                <![CDATA[987 NW 8th St]]>
              </value>
            </param>
            <param index="3">
              <value>
                <![CDATA[Doly]]>
              </value>
            </param>
            <param index="4">
              <value>
                <![CDATA[FL]]>
              </value>
            </param>
            <param index="5">
              <value>
                <![CDATA[33305.0]]>
              </value>
            </param>
            <param index="6">
              <value>
                <![CDATA[5.617865409E9]]>
              </value>
            </param>
            <param index="7">
              <value>
                <![CDATA[Maz@aol.com]]>
              </value>
            </param>
            <param index="8">
              <value>
                <![CDATA[5487.0]]>
              </value>
            </param>
          </params>
          <reporter-output>
          </reporter-output>
        </test-method> <!-- test_002 -->
        <test-method status="PASS" signature="tearDown()[pri:0, instance:com.accenttechPartnersGuru99.testCases.TC_001@2a556333]" name="tearDown" is-config="true" duration-ms="1" started-at="2020-04-25T22:23:47 EDT" finished-at="2020-04-25T22:23:47 EDT">
          <reporter-output>
          </reporter-output>
        </test-method> <!-- tearDown -->
        <test-method status="PASS" signature="tearDown1()[pri:0, instance:com.accenttechPartnersGuru99.testCases.TC_001@2a556333]" name="tearDown1" is-config="true" duration-ms="1" started-at="2020-04-25T22:23:47 EDT" finished-at="2020-04-25T22:23:47 EDT">
          <reporter-output>
          </reporter-output>
        </test-method> <!-- tearDown1 -->
      </class> <!-- com.accenttechPartnersGuru99.testCases.TC_001 -->
      <class name="com.accenttechPartnersGuru99.testCases.TC_002">
        <test-method status="PASS" signature="NewAccount()[pri:0, instance:com.accenttechPartnersGuru99.testCases.TC_002@7d70d1b1]" name="NewAccount" is-config="true" duration-ms="13282" started-at="2020-04-25T22:23:47 EDT" finished-at="2020-04-25T22:24:01 EDT">
          <reporter-output>
          </reporter-output>
        </test-method> <!-- NewAccount -->
        <test-method status="PASS" signature="Test_003_NewAccount()[pri:0, instance:com.accenttechPartnersGuru99.testCases.TC_002@7d70d1b1]" name="Test_003_NewAccount" duration-ms="3682" started-at="2020-04-25T22:24:01 EDT" finished-at="2020-04-25T22:24:04 EDT">
          <reporter-output>
          </reporter-output>
        </test-method> <!-- Test_003_NewAccount -->
        <test-method status="PASS" signature="testCase_003_afterMethod()[pri:0, instance:com.accenttechPartnersGuru99.testCases.TC_002@7d70d1b1]" name="testCase_003_afterMethod" is-config="true" duration-ms="1" started-at="2020-04-25T22:24:04 EDT" finished-at="2020-04-25T22:24:04 EDT">
          <reporter-output>
          </reporter-output>
        </test-method> <!-- testCase_003_afterMethod -->
      </class> <!-- com.accenttechPartnersGuru99.testCases.TC_002 -->
      <class name="com.accenttechPartnersGuru99.testCases.TC_003">
        <test-method status="PASS" signature="FundTransfer()[pri:0, instance:com.accenttechPartnersGuru99.testCases.TC_003@2a742aa2]" name="FundTransfer" is-config="true" duration-ms="19122" started-at="2020-04-25T22:24:04 EDT" finished-at="2020-04-25T22:24:23 EDT">
          <reporter-output>
          </reporter-output>
        </test-method> <!-- FundTransfer -->
        <test-method status="PASS" signature="test_004_FundTransfer()[pri:0, instance:com.accenttechPartnersGuru99.testCases.TC_003@2a742aa2]" name="test_004_FundTransfer" duration-ms="6435" started-at="2020-04-25T22:24:23 EDT" finished-at="2020-04-25T22:24:30 EDT">
          <reporter-output>
          </reporter-output>
        </test-method> <!-- test_004_FundTransfer -->
        <test-method status="PASS" signature="testCase_003_afterMethod()[pri:0, instance:com.accenttechPartnersGuru99.testCases.TC_003@2a742aa2]" name="testCase_003_afterMethod" is-config="true" duration-ms="2" started-at="2020-04-25T22:24:30 EDT" finished-at="2020-04-25T22:24:30 EDT">
          <reporter-output>
          </reporter-output>
        </test-method> <!-- testCase_003_afterMethod -->
      </class> <!-- com.accenttechPartnersGuru99.testCases.TC_003 -->
      <class name="com.accenttechPartnersGuru99.testCases.TC_004">
        <test-method status="PASS" signature="WithdrawalAmount()[pri:0, instance:com.accenttechPartnersGuru99.testCases.TC_004@3cb1ffe6]" name="WithdrawalAmount" is-config="true" duration-ms="17026" started-at="2020-04-25T22:24:30 EDT" finished-at="2020-04-25T22:24:47 EDT">
          <reporter-output>
          </reporter-output>
        </test-method> <!-- WithdrawalAmount -->
        <test-method status="PASS" signature="test_004_Withdrawal()[pri:0, instance:com.accenttechPartnersGuru99.testCases.TC_004@3cb1ffe6]" name="test_004_Withdrawal" duration-ms="3755" started-at="2020-04-25T22:24:47 EDT" finished-at="2020-04-25T22:24:51 EDT">
          <reporter-output>
          </reporter-output>
        </test-method> <!-- test_004_Withdrawal -->
        <test-method status="PASS" signature="testCase_004AfterMethod()[pri:0, instance:com.accenttechPartnersGuru99.testCases.TC_004@3cb1ffe6]" name="testCase_004AfterMethod" is-config="true" duration-ms="1" started-at="2020-04-25T22:24:51 EDT" finished-at="2020-04-25T22:24:51 EDT">
          <reporter-output>
          </reporter-output>
        </test-method> <!-- testCase_004AfterMethod -->
      </class> <!-- com.accenttechPartnersGuru99.testCases.TC_004 -->
      <class name="com.accenttechPartnersGuru99.testCases.TC_005">
        <test-method status="PASS" signature="EditAccount()[pri:0, instance:com.accenttechPartnersGuru99.testCases.TC_005@3dfc5fb8]" name="EditAccount" is-config="true" duration-ms="25352" started-at="2020-04-25T22:24:51 EDT" finished-at="2020-04-25T22:25:16 EDT">
          <reporter-output>
          </reporter-output>
        </test-method> <!-- EditAccount -->
        <test-method status="PASS" signature="test_005_EditAccount()[pri:0, instance:com.accenttechPartnersGuru99.testCases.TC_005@3dfc5fb8]" name="test_005_EditAccount" duration-ms="16236" started-at="2020-04-25T22:25:16 EDT" finished-at="2020-04-25T22:25:32 EDT">
          <reporter-output>
          </reporter-output>
        </test-method> <!-- test_005_EditAccount -->
        <test-method status="PASS" signature="TC_005_AfterMethod()[pri:0, instance:com.accenttechPartnersGuru99.testCases.TC_005@3dfc5fb8]" name="TC_005_AfterMethod" is-config="true" duration-ms="1" started-at="2020-04-25T22:25:32 EDT" finished-at="2020-04-25T22:25:32 EDT">
          <reporter-output>
          </reporter-output>
        </test-method> <!-- TC_005_AfterMethod -->
      </class> <!-- com.accenttechPartnersGuru99.testCases.TC_005 -->
    </test> <!-- Default test -->
  </suite> <!-- Default suite -->
</testng-results>
